This is pdfTeX, Version 3.1415926-2.3-1.40.12 (MiKTeX 2.9) (preloaded format=pdflatex 2012.8.29)  7 SEP 2012 17:50
entering extended mode
**D:/_Programming/Light_Wave_GL/THESIS-DRAFTS/thesis.tex
(D:/_Programming/Light_Wave_GL/THESIS-DRAFTS/thesis.tex
LaTeX2e <2009/09/24>
Babel <v3.8l> and hyphenation patterns for english, afrikaans, ancientgreek, ar
abic, armenian, assamese, basque, bengali, bokmal, bulgarian, catalan, coptic, 
croatian, czech, danish, dutch, esperanto, estonian, farsi, finnish, french, ga
lician, german, german-x-2009-06-19, greek, gujarati, hindi, hungarian, iceland
ic, indonesian, interlingua, irish, italian, kannada, kurmanji, lao, latin, lat
vian, lithuanian, malayalam, marathi, mongolian, mongolianlmc, monogreek, ngerm
an, ngerman-x-2009-06-19, nynorsk, oriya, panjabi, pinyin, polish, portuguese, 
romanian, russian, sanskrit, serbian, slovak, slovenian, spanish, swedish, swis
sgerman, tamil, telugu, turkish, turkmen, ukenglish, ukrainian, uppersorbian, u
senglishmax, welsh, loaded.
("D:\Program Files (x86)\MiKTeX 2.9\tex\latex\base\report.cls"
Document Class: report 2007/10/19 v1.4h Standard LaTeX document class
("D:\Program Files (x86)\MiKTeX 2.9\tex\latex\base\size12.clo"
File: size12.clo 2007/10/19 v1.4h Standard LaTeX file (size option)
)
\c@part=\count79
\c@chapter=\count80
\c@section=\count81
\c@subsection=\count82
\c@subsubsection=\count83
\c@paragraph=\count84
\c@subparagraph=\count85
\c@figure=\count86
\c@table=\count87
\abovecaptionskip=\skip41
\belowcaptionskip=\skip42
\bibindent=\dimen102
)
(D:\_Programming\Light_Wave_GL\THESIS-DRAFTS\csuf-thesis.sty
\c@csufsec=\count88
\c@csufcommittee=\count89
\c@csufnum=\count90
\toctopbox=\box26
\loftopbox=\box27
\lottopbox=\box28

* 
* CSUF style sheet loaded.
* --------------------------------------------------------------------------
) ("D:\Program Files (x86)\MiKTeX 2.9\tex\latex\chicago\chicago.sty"
Using Chicago Manual of Style bibliography: 31 August 1992
\bibhang=\skip43
\bibindent=\dimen103
) ("D:\Program Files (x86)\MiKTeX 2.9\tex\generic\epsf\epsf.tex"
This is `epsf.tex' v2.7.4 <14 February 2011>
\epsffilein=\read1
\epsfframemargin=\dimen104
\epsfframethickness=\dimen105
\epsfrsize=\dimen106
\epsftmp=\dimen107
\epsftsize=\dimen108
\epsfxsize=\dimen109
\epsfysize=\dimen110
\pspoints=\dimen111
) (D:\_Programming\Light_Wave_GL\THESIS-DRAFTS\thesis.aux
(D:\_Programming\Light_Wave_GL\THESIS-DRAFTS\abstract.aux)
(D:\_Programming\Light_Wave_GL\THESIS-DRAFTS\chapter1.aux)
(D:\_Programming\Light_Wave_GL\THESIS-DRAFTS\chapter2.aux)
(D:\_Programming\Light_Wave_GL\THESIS-DRAFTS\chapter3.aux)
(D:\_Programming\Light_Wave_GL\THESIS-DRAFTS\chapter4.aux

LaTeX Warning: Label `table-1' multiply defined.


LaTeX Warning: Label `fig-1' multiply defined.

) (D:\_Programming\Light_Wave_GL\THESIS-DRAFTS\chapter5.aux

LaTeX Warning: Label `table-1' multiply defined.


LaTeX Warning: Label `fig-1' multiply defined.

) (D:\_Programming\Light_Wave_GL\THESIS-DRAFTS\chapter6.aux

LaTeX Warning: Label `table-1' multiply defined.


LaTeX Warning: Label `fig-1' multiply defined.

) (D:\_Programming\Light_Wave_GL\THESIS-DRAFTS\chapter7.aux

LaTeX Warning: Label `table-1' multiply defined.


LaTeX Warning: Label `fig-1' multiply defined.

))
LaTeX Font Info:    Checking defaults for OML/cmm/m/it on input line 69.
LaTeX Font Info:    ... okay on input line 69.
LaTeX Font Info:    Checking defaults for T1/cmr/m/n on input line 69.
LaTeX Font Info:    ... okay on input line 69.
LaTeX Font Info:    Checking defaults for OT1/cmr/m/n on input line 69.
LaTeX Font Info:    ... okay on input line 69.
LaTeX Font Info:    Checking defaults for OMS/cmsy/m/n on input line 69.
LaTeX Font Info:    ... okay on input line 69.
LaTeX Font Info:    Checking defaults for OMX/cmex/m/n on input line 69.
LaTeX Font Info:    ... okay on input line 69.
LaTeX Font Info:    Checking defaults for U/cmr/m/n on input line 69.
LaTeX Font Info:    ... okay on input line 69.
LaTeX Font Info:    External font `cmex10' loaded for size
(Font)              <12> on input line 73.
LaTeX Font Info:    External font `cmex10' loaded for size
(Font)              <8> on input line 73.
LaTeX Font Info:    External font `cmex10' loaded for size
(Font)              <6> on input line 73.

Overfull \hbox (12.0pt too wide) in paragraph at lines 73--73
[][] 
 []


Overfull \hbox (12.0pt too wide) in paragraph at lines 73--73
[][] 
 []


Overfull \hbox (12.0pt too wide) in paragraph at lines 73--73
[][] 
 []


Underfull \hbox (badness 10000) in paragraph at lines 73--73

 []

* 
* No copyright page created (page number has been incremented.)
* Remember to insert a blank page in your thesis in this location.
* MS students use \yescopyright if you want one (you will need to file
* paperwork with the United States Copyright Office to make it official).
* 
[2

{C:/ProgramData/MiKTeX/2.9/pdftex/config/pdftex.map}]
(D:\_Programming\Light_Wave_GL\THESIS-DRAFTS\abstract.tex) [3

]
(D:\_Programming\Light_Wave_GL\THESIS-DRAFTS\thesis.toc
Overfull \vbox (41.39453pt too high) has occurred while \output is active []


[4



])
\tf@toc=\write3
 [5] (D:\_Programming\Light_Wave_GL\THESIS-DRAFTS\chapter1.tex
CHAPTER 1.

! LaTeX Error: Something's wrong--perhaps a missing \item.

See the LaTeX manual or LaTeX Companion for explanation.
Type  H <return>  for immediate help.
 ...                                              
                                                  
l.1 \chapter{BACKGROUND}
                        
? 
Missing character: There is no ‚ in font cmr12!
Missing character: There is no Ä in font cmr12!
Missing character: There is no ú in font cmr12!
Missing character: There is no ‚ in font cmr12!
Missing character: There is no Ä in font cmr12!
Missing character: There is no ù in font cmr12!
) [1



] [2] (D:\_Programming\Light_Wave_GL\THESIS-DRAFTS\chapter2.tex
CHAPTER 2.
[3



] [4] [5]
Missing character: There is no ‚ in font cmr12!
Missing character: There is no Ä in font cmr12!
Missing character: There is no ú in font cmr12!
Missing character: There is no ‚ in font cmr12!
Missing character: There is no Ä in font cmr12!
Missing character: There is no ù in font cmr12!


LaTeX Warning: Citation `Whitted1980' on page 6 undefined on input line 56.


LaTeX Warning: Reference `sec:RT' on page 6 undefined on input line 56.


LaTeX Warning: Citation `Whitted1980' on page 6 undefined on input line 58.


LaTeX Warning: Citation `Whitted1980' on page 6 undefined on input line 58.

[6]

LaTeX Warning: Reference `render4' on page 7 undefined on input line 64.

! Undefined control sequence.
l.64 ...iya1986} as $I =  g\epsilon +gMog\epsilono
                                                   +gMogMog\epsilono + ‚Ä¶ $...

? 
! Undefined control sequence.
l.64 ...g\epsilon +gMog\epsilono +gMogMog\epsilono
                                                   + ‚Ä¶ $ with $Mo$ as a sc...

? 
Missing character: There is no ‚ in font cmr12!
Missing character: There is no Ä in font cmr12!
Missing character: There is no ¶ in font cmr12!
! Undefined control sequence.
l.64 ...he diffuse component. The term $g\epsilono
                                                  $ has shadows with point r...

? 

LaTeX Warning: Citation `Goral' on page 7 undefined on input line 68.

[7]
Missing character: There is no œ in font cmr12!
Missing character: There is no Å in font cmr12!

! Missing $ inserted.
<inserted text> 
                $
l.77 
     
? 

Overfull \hbox (1612.26111pt too wide) in paragraph at lines 76--77
\OT1/cmr/m/n/12 face $\OML/cmm/m/it/12 j$\OT1/cmr/m/n/12 , and $\OML/cmm/m/it/1
2 H[]istheincidentradiantenergyarrivingatsurface$\OT1/cmr/m/n/12 j$\OML/cmm/m/i
t/12 perunittimeperunitarea:Equation\OT1/cmr/m/n/12 2\OML/cmm/m/it/12 :\OT1/cmr
/m/n/12 8[]\OML/cmm/m/it/12 canbederivedusingourrenderingequation\OT1/cmr/m/n/1
2 (\OML/cmm/m/it/12 equation\OT1/cmr/m/n/12 2\OML/cmm/m/it/12 :\OT1/cmr/m/n/12 
1[])(\OML/cmm/m/it/12 Kajiya\OT1/cmr/m/n/12 1986)\OML/cmm/m/it/12 byintegrating
overallsurfacesinthescenetocalculatethehemisphericalquantities; calculatingthec
ontributionoftheemittanceandreflectancetermsbycheckingforocclusions; andusingth
osecalculationstherenderingequationbecomes \OT1/cmr/m/n/12 :$ 
 []


LaTeX Warning: Citation `Jensen1996' on page 8 undefined on input line 86.

[8]

LaTeX Warning: Citation `Jensen1996' on page 9 undefined on input line 88.

! Undefined control sequence.
l.97 ...cos(\theta_{i})d\omega_{i}) + \int_{\OMEGA
                                                  }(f_{r,s}(L_{i,c}+L_{i,d})...

? 

Overfull \hbox (80.76631pt too wide) detected at line 98
\OML/cmm/m/it/12 L[] \OT1/cmr/m/n/12 = [][](\OML/cmm/m/it/12 f[]L[] []\OT1/cmr/
m/n/12 (\OML/cmm/m/it/12 []\OT1/cmr/m/n/12 )\OML/cmm/m/it/12 d![]\OT1/cmr/m/n/
12 ) + [][](\OML/cmm/m/it/12 f[]\OT1/cmr/m/n/12 (\OML/cmm/m/it/12 L[] \OT1/cmr/
m/n/12 + \OML/cmm/m/it/12 L[]\OT1/cmr/m/n/12 ) [](\OML/cmm/m/it/12 []\OT1/cmr/
m/n/12 )\OML/cmm/m/it/12 d![]\OT1/cmr/m/n/12 ) + [][](\OML/cmm/m/it/12 f[]L[] [
]\OT1/cmr/m/n/12 (\OML/cmm/m/it/12 []\OT1/cmr/m/n/12 )\OML/cmm/m/it/12 d![]\OT
1/cmr/m/n/12 ) + [][](\OML/cmm/m/it/12 f[]L[] []\OT1/cmr/m/n/12 (\OML/cmm/m/it/
12 []\OT1/cmr/m/n/12 )\OML/cmm/m/it/12 d![]\OT1/cmr/m/n/12 )[]
 []

) [9] (D:\_Programming\Light_Wave_GL\THESIS-DRAFTS\chapter3.tex
CHAPTER 3.
LaTeX Font Info:    Try loading font information for OMS+cmr on input line 14.
("D:\Program Files (x86)\MiKTeX 2.9\tex\latex\base\omscmr.fd"
File: omscmr.fd 1999/05/25 v2.5h Standard LaTeX font definitions
)
LaTeX Font Info:    Font shape `OMS/cmr/m/n' in size <12> not available
(Font)              Font shape `OMS/cmsy/m/n' tried instead on input line 14.
 [10



]
(sail.eps
)
[11
Non-PDF special ignored!]) [12]
(D:\_Programming\Light_Wave_GL\THESIS-DRAFTS\chapter4.tex
CHAPTER 4.
[13



]
(sail.eps
)
[14
Non-PDF special ignored!]) [15]
(D:\_Programming\Light_Wave_GL\THESIS-DRAFTS\chapter5.tex
CHAPTER 5.
[16



]
(sail.eps
)
[17
Non-PDF special ignored!]) [18]
(D:\_Programming\Light_Wave_GL\THESIS-DRAFTS\chapter6.tex
CHAPTER 6.
[19



]
(sail.eps
)
[20
Non-PDF special ignored!]) [21]
(D:\_Programming\Light_Wave_GL\THESIS-DRAFTS\chapter7.tex
CHAPTER 7.
[22



]
(sail.eps
)
[23
Non-PDF special ignored!]) [24]
(D:\_Programming\Light_Wave_GL\THESIS-DRAFTS\thesis.bbl) [25


]
(D:\_Programming\Light_Wave_GL\THESIS-DRAFTS\thesis.aux
(D:\_Programming\Light_Wave_GL\THESIS-DRAFTS\abstract.aux)
(D:\_Programming\Light_Wave_GL\THESIS-DRAFTS\chapter1.aux)
(D:\_Programming\Light_Wave_GL\THESIS-DRAFTS\chapter2.aux)
(D:\_Programming\Light_Wave_GL\THESIS-DRAFTS\chapter3.aux)
(D:\_Programming\Light_Wave_GL\THESIS-DRAFTS\chapter4.aux)
(D:\_Programming\Light_Wave_GL\THESIS-DRAFTS\chapter5.aux)
(D:\_Programming\Light_Wave_GL\THESIS-DRAFTS\chapter6.aux)
(D:\_Programming\Light_Wave_GL\THESIS-DRAFTS\chapter7.aux))

LaTeX Warning: There were undefined references.


LaTeX Warning: There were multiply-defined labels.

 ) 
Here is how much of TeX's memory you used:
 523 strings out of 494049
 8691 string characters out of 3146068
 62275 words of memory out of 3000000
 3808 multiletter control sequences out of 15000+200000
 7680 words of font info for 27 fonts, out of 3000000 for 9000
 715 hyphenation exceptions out of 8191
 25i,10n,21p,2288b,218s stack positions out of 5000i,500n,10000p,200000b,50000s
<D:/Program Files (x86)/MiKTeX 2.9/fonts/type1/public/amsfonts/cm/cmbx12.pfb>
<D:/Program Files (x86)/MiKTeX 2.9/fonts/type1/public/amsfonts/cm/cmex10.pfb><D
:/Program Files (x86)/MiKTeX 2.9/fonts/type1/public/amsfonts/cm/cmmi12.pfb><D:/
Program Files (x86)/MiKTeX 2.9/fonts/type1/public/amsfonts/cm/cmmi8.pfb><D:/Pro
gram Files (x86)/MiKTeX 2.9/fonts/type1/public/amsfonts/cm/cmr12.pfb><D:/Progra
m Files (x86)/MiKTeX 2.9/fonts/type1/public/amsfonts/cm/cmr8.pfb><D:/Program Fi
les (x86)/MiKTeX 2.9/fonts/type1/public/amsfonts/cm/cmsy10.pfb><D:/Program File
s (x86)/MiKTeX 2.9/fonts/type1/public/amsfonts/cm/cmsy8.pfb><D:/Program Files (
x86)/MiKTeX 2.9/fonts/type1/public/amsfonts/cm/cmti12.pfb>
Output written on thesis.pdf (29 pages, 157790 bytes).
PDF statistics:
 131 PDF objects out of 1000 (max. 8388607)
 0 named destinations out of 1000 (max. 500000)
 1 words of extra memory for PDF output out of 10000 (max. 10000000)

